[     125ms] [LOG] [Fast Refresh] rebuilding @ http://localhost:3000/_next/static/chunks/0o80_next_dist_1f6wh8x._.js:2477
[     284ms] [LOG] [Fast Refresh] done in 268ms @ http://localhost:3000/_next/static/chunks/0o80_next_dist_1f6wh8x._.js:2477
[     404ms] [INFO] %cDownload the React DevTools for a better development experience: https://react.dev/link/react-devtools font-weight:bold @ http://localhost:3000/_next/static/chunks/0o80_next_dist_1f6wh8x._.js:2477
[     431ms] [LOG] [HMR] connected @ http://localhost:3000/_next/static/chunks/0o80_next_dist_1f6wh8x._.js:2477
[   44293ms] [ERROR] Failed to load resource: the server responded with a status of 404 (Not Found) @ http://localhost:3000/shop:0
[   44375ms] [INFO] %cDownload the React DevTools for a better development experience: https://react.dev/link/react-devtools font-weight:bold @ http://localhost:3000/_next/static/chunks/0o80_next_dist_1f6wh8x._.js:2477
[   44394ms] [LOG] [HMR] connected @ http://localhost:3000/_next/static/chunks/0o80_next_dist_1f6wh8x._.js:2477
[   45177ms] [ERROR] Failed to load resource: the server responded with a status of 404 (Not Found) @ http://localhost:3000/kro-kitchen:0
[   45199ms] [INFO] %cDownload the React DevTools for a better development experience: https://react.dev/link/react-devtools font-weight:bold @ http://localhost:3000/_next/static/chunks/0o80_next_dist_1f6wh8x._.js:2477
[   45213ms] [LOG] [HMR] connected @ http://localhost:3000/_next/static/chunks/0o80_next_dist_1f6wh8x._.js:2477
[   46060ms] [ERROR] Failed to load resource: the server responded with a status of 404 (Not Found) @ http://localhost:3000/our-farms:0
[   46089ms] [INFO] %cDownload the React DevTools for a better development experience: https://react.dev/link/react-devtools font-weight:bold @ http://localhost:3000/_next/static/chunks/0o80_next_dist_1f6wh8x._.js:2477
[   46110ms] [LOG] [HMR] connected @ http://localhost:3000/_next/static/chunks/0o80_next_dist_1f6wh8x._.js:2477
[   46652ms] [ERROR] Failed to load resource: the server responded with a status of 404 (Not Found) @ http://localhost:3000/certifications:0
[   46689ms] [INFO] %cDownload the React DevTools for a better development experience: https://react.dev/link/react-devtools font-weight:bold @ http://localhost:3000/_next/static/chunks/0o80_next_dist_1f6wh8x._.js:2477
[   46704ms] [LOG] [HMR] connected @ http://localhost:3000/_next/static/chunks/0o80_next_dist_1f6wh8x._.js:2477
[   47181ms] [ERROR] Failed to load resource: the server responded with a status of 404 (Not Found) @ http://localhost:3000/about:0
[   47201ms] [INFO] %cDownload the React DevTools for a better development experience: https://react.dev/link/react-devtools font-weight:bold @ http://localhost:3000/_next/static/chunks/0o80_next_dist_1f6wh8x._.js:2477
[   47211ms] [LOG] [HMR] connected @ http://localhost:3000/_next/static/chunks/0o80_next_dist_1f6wh8x._.js:2477
[   47637ms] [ERROR] Failed to load resource: the server responded with a status of 404 (Not Found) @ http://localhost:3000/contact:0
[   47654ms] [INFO] %cDownload the React DevTools for a better development experience: https://react.dev/link/react-devtools font-weight:bold @ http://localhost:3000/_next/static/chunks/0o80_next_dist_1f6wh8x._.js:2477
[   47663ms] [LOG] [HMR] connected @ http://localhost:3000/_next/static/chunks/0o80_next_dist_1f6wh8x._.js:2477
[   48742ms] [INFO] %cDownload the React DevTools for a better development experience: https://react.dev/link/react-devtools font-weight:bold @ http://localhost:3000/_next/static/chunks/0o80_next_dist_1f6wh8x._.js:2477
[   48769ms] [LOG] [HMR] connected @ http://localhost:3000/_next/static/chunks/0o80_next_dist_1f6wh8x._.js:2477
